<?xml version="1.0" encoding="UTF-8"?>
<!-- Generated by org.testng.reporters.JUnitXMLReporter -->
<testsuite hostname="Sanghamitra" ignored="0" name="my e2e test chrome" tests="1" failures="0" timestamp="05 Sep 2022 14:05:44 GMT" time="58.944" errors="0">
  <testcase name="@AfterClass capture" time="0.0" classname="com.mytests.BaseTest">
    <failure type="org.testng.TestNGException" message="
Can inject only one of &amp;lt;ITestContext, XmlTest&amp;gt; into a @AfterClass annotated capture.
For more information on native dependency injection please refer to http://testng.org/doc/documentation-main.html#native-dependency-injection">
      <![CDATA[org.testng.TestNGException: 
Can inject only one of <ITestContext, XmlTest> into a @AfterClass annotated capture.
For more information on native dependency injection please refer to http://testng.org/doc/documentation-main.html#native-dependency-injection
... Removed 23 stack frames]]>
    </failure>
  </testcase> <!-- @AfterClass capture -->
  <testcase name="enterCardDetailsandMakePayment" time="47.219" classname="com.mytests.PaymentTest"/>
</testsuite> <!-- my e2e test chrome -->
