<?xml version="1.0" encoding="UTF-8"?>
<testng-results skipped="0" failed="0" ignored="0" total="1" passed="1">
  <reporter-output>
  </reporter-output>
  <suite name="E2E Test Framework" duration-ms="58944" started-at="2022-09-05T14:04:45Z" finished-at="2022-09-05T14:05:44Z">
    <groups>
    </groups>
    <test name="my e2e test chrome" duration-ms="58944" started-at="2022-09-05T14:04:45Z" finished-at="2022-09-05T14:05:44Z">
      <class name="com.mytests.PaymentTest">
        <test-method status="PASS" signature="beforeTest()[pri:0, instance:com.mytests.PaymentTest@6b67034]" name="beforeTest" is-config="true" duration-ms="120" started-at="2022-09-05T14:04:45Z" finished-at="2022-09-05T14:04:45Z">
          <reporter-output>
          </reporter-output>
        </test-method> <!-- beforeTest -->
        <test-method status="PASS" signature="setUpTest(java.lang.String)[pri:0, instance:com.mytests.PaymentTest@6b67034]" name="setUpTest" is-config="true" duration-ms="10374" started-at="2022-09-05T14:04:45Z" finished-at="2022-09-05T14:04:55Z">
          <params>
            <param index="0">
              <value>
                <![CDATA[chrome]]>
              </value>
            </param>
          </params>
          <reporter-output>
          </reporter-output>
        </test-method> <!-- setUpTest -->
        <test-method status="PASS" signature="enterCardDetailsandMakePayment()[pri:1, instance:com.mytests.PaymentTest@6b67034]" name="enterCardDetailsandMakePayment" duration-ms="47219" started-at="2022-09-05T14:04:55Z" finished-at="2022-09-05T14:05:43Z">
          <reporter-output>
          </reporter-output>
        </test-method> <!-- enterCardDetailsandMakePayment -->
        <test-method status="PASS" signature="tearDownSuite()[pri:0, instance:com.mytests.PaymentTest@6b67034]" name="tearDownSuite" is-config="true" duration-ms="726" started-at="2022-09-05T14:05:43Z" finished-at="2022-09-05T14:05:43Z">
          <reporter-output>
          </reporter-output>
        </test-method> <!-- tearDownSuite -->
        <test-method status="FAIL" signature="capture(org.openqa.selenium.WebDriver)[pri:0, instance:com.mytests.PaymentTest@6b67034]" name="capture" is-config="true" duration-ms="0" started-at="2022-09-05T14:05:43Z" finished-at="2022-09-05T14:05:43Z">
          <exception class="org.testng.TestNGException">
            <message>
              <![CDATA[
Can inject only one of <ITestContext, XmlTest> into a @AfterClass annotated capture.
For more information on native dependency injection please refer to http://testng.org/doc/documentation-main.html#native-dependency-injection]]>
            </message>
            <full-stacktrace>
              <![CDATA[org.testng.TestNGException: 
Can inject only one of <ITestContext, XmlTest> into a @AfterClass annotated capture.
For more information on native dependency injection please refer to http://testng.org/doc/documentation-main.html#native-dependency-injection
at org.testng.internal.Parameters.checkParameterTypes(Parameters.java:407)
at org.testng.internal.Parameters.createParametersForMethod(Parameters.java:356)
at org.testng.internal.Parameters.createParameters(Parameters.java:635)
at org.testng.internal.Parameters.createConfigurationParameters(Parameters.java:190)
at org.testng.internal.Invoker.invokeConfigurations(Invoker.java:209)
at org.testng.internal.Invoker.invokeConfigurations(Invoker.java:142)
at org.testng.internal.TestMethodWorker.invokeAfterClassMethods(TestMethodWorker.java:214)
at org.testng.internal.TestMethodWorker.run(TestMethodWorker.java:111)
at org.testng.TestRunner.privateRun(TestRunner.java:648)
at org.testng.TestRunner.run(TestRunner.java:505)
at org.testng.SuiteRunner.runTest(SuiteRunner.java:455)
at org.testng.SuiteRunner.runSequentially(SuiteRunner.java:450)
at org.testng.SuiteRunner.privateRun(SuiteRunner.java:415)
at org.testng.SuiteRunner.run(SuiteRunner.java:364)
at org.testng.SuiteRunnerWorker.runSuite(SuiteRunnerWorker.java:52)
at org.testng.SuiteRunnerWorker.run(SuiteRunnerWorker.java:84)
at org.testng.TestNG.runSuitesSequentially(TestNG.java:1208)
at org.testng.TestNG.runSuitesLocally(TestNG.java:1137)
at org.testng.TestNG.runSuites(TestNG.java:1049)
at org.testng.TestNG.run(TestNG.java:1017)
at org.testng.remote.AbstractRemoteTestNG.run(AbstractRemoteTestNG.java:115)
at org.testng.remote.RemoteTestNG.initAndRun(RemoteTestNG.java:251)
at org.testng.remote.RemoteTestNG.main(RemoteTestNG.java:77)
]]>
            </full-stacktrace>
          </exception> <!-- org.testng.TestNGException -->
          <reporter-output>
          </reporter-output>
        </test-method> <!-- capture -->
        <test-method status="PASS" signature="afterTest()[pri:0, instance:com.mytests.PaymentTest@6b67034]" name="afterTest" is-config="true" duration-ms="485" started-at="2022-09-05T14:05:43Z" finished-at="2022-09-05T14:05:44Z">
          <reporter-output>
          </reporter-output>
        </test-method> <!-- afterTest -->
      </class> <!-- com.mytests.PaymentTest -->
    </test> <!-- my e2e test chrome -->
  </suite> <!-- E2E Test Framework -->
</testng-results>
